C:\Users\shalstvedt\Code\ccf\.msvc\\lib\ptypes.lib
C:\USERS\SHALSTVEDT\CODE\CCF\.MSVC\LIB\PTYPES.LIB
C:\Users\shalstvedt\Code\ccf\ccx\contrib\.msvc\ptypes\Debug\cl.command.1.tlog
C:\Users\shalstvedt\Code\ccf\ccx\contrib\.msvc\ptypes\Debug\CL.read.1.tlog
C:\Users\shalstvedt\Code\ccf\ccx\contrib\.msvc\ptypes\Debug\CL.write.1.tlog
C:\Users\shalstvedt\Code\ccf\ccx\contrib\.msvc\ptypes\Debug\lib.command.1.tlog
C:\Users\shalstvedt\Code\ccf\ccx\contrib\.msvc\ptypes\Debug\Lib-link.read.1.tlog
C:\Users\shalstvedt\Code\ccf\ccx\contrib\.msvc\ptypes\Debug\Lib-link.write.1.tlog
C:\USERS\SHALSTVEDT\CODE\CCF\CCX\CONTRIB\.MSVC\PTYPES\DEBUG\PASYNC.OBJ
C:\USERS\SHALSTVEDT\CODE\CCF\CCX\CONTRIB\.MSVC\PTYPES\DEBUG\PATOMIC.OBJ
C:\USERS\SHALSTVEDT\CODE\CCF\CCX\CONTRIB\.MSVC\PTYPES\DEBUG\PCOMPONENT.OBJ
C:\USERS\SHALSTVEDT\CODE\CCF\CCX\CONTRIB\.MSVC\PTYPES\DEBUG\PCSET.OBJ
C:\USERS\SHALSTVEDT\CODE\CCF\CCX\CONTRIB\.MSVC\PTYPES\DEBUG\PCSETDBG.OBJ
C:\USERS\SHALSTVEDT\CODE\CCF\CCX\CONTRIB\.MSVC\PTYPES\DEBUG\PEXCEPT.OBJ
C:\USERS\SHALSTVEDT\CODE\CCF\CCX\CONTRIB\.MSVC\PTYPES\DEBUG\PFATAL.OBJ
C:\USERS\SHALSTVEDT\CODE\CCF\CCX\CONTRIB\.MSVC\PTYPES\DEBUG\PFDXSTM.OBJ
C:\USERS\SHALSTVEDT\CODE\CCF\CCX\CONTRIB\.MSVC\PTYPES\DEBUG\PINFILE.OBJ
C:\USERS\SHALSTVEDT\CODE\CCF\CCX\CONTRIB\.MSVC\PTYPES\DEBUG\PINFILTER.OBJ
C:\USERS\SHALSTVEDT\CODE\CCF\CCX\CONTRIB\.MSVC\PTYPES\DEBUG\PINMEM.OBJ
C:\USERS\SHALSTVEDT\CODE\CCF\CCX\CONTRIB\.MSVC\PTYPES\DEBUG\PINSTM.OBJ
C:\USERS\SHALSTVEDT\CODE\CCF\CCX\CONTRIB\.MSVC\PTYPES\DEBUG\PINTEE.OBJ
C:\USERS\SHALSTVEDT\CODE\CCF\CCX\CONTRIB\.MSVC\PTYPES\DEBUG\PIOBASE.OBJ
C:\USERS\SHALSTVEDT\CODE\CCF\CCX\CONTRIB\.MSVC\PTYPES\DEBUG\PIPBASE.OBJ
C:\USERS\SHALSTVEDT\CODE\CCF\CCX\CONTRIB\.MSVC\PTYPES\DEBUG\PIPMSG.OBJ
C:\USERS\SHALSTVEDT\CODE\CCF\CCX\CONTRIB\.MSVC\PTYPES\DEBUG\PIPMSGSV.OBJ
C:\USERS\SHALSTVEDT\CODE\CCF\CCX\CONTRIB\.MSVC\PTYPES\DEBUG\PIPSTM.OBJ
C:\USERS\SHALSTVEDT\CODE\CCF\CCX\CONTRIB\.MSVC\PTYPES\DEBUG\PIPSTMSV.OBJ
C:\USERS\SHALSTVEDT\CODE\CCF\CCX\CONTRIB\.MSVC\PTYPES\DEBUG\PIPSVBASE.OBJ
C:\USERS\SHALSTVEDT\CODE\CCF\CCX\CONTRIB\.MSVC\PTYPES\DEBUG\PMD5.OBJ
C:\USERS\SHALSTVEDT\CODE\CCF\CCX\CONTRIB\.MSVC\PTYPES\DEBUG\PMEM.OBJ
C:\USERS\SHALSTVEDT\CODE\CCF\CCX\CONTRIB\.MSVC\PTYPES\DEBUG\PMSGQ.OBJ
C:\USERS\SHALSTVEDT\CODE\CCF\CCX\CONTRIB\.MSVC\PTYPES\DEBUG\PMTXTABLE.OBJ
C:\USERS\SHALSTVEDT\CODE\CCF\CCX\CONTRIB\.MSVC\PTYPES\DEBUG\PNPIPE.OBJ
C:\USERS\SHALSTVEDT\CODE\CCF\CCX\CONTRIB\.MSVC\PTYPES\DEBUG\PNPSERVER.OBJ
C:\USERS\SHALSTVEDT\CODE\CCF\CCX\CONTRIB\.MSVC\PTYPES\DEBUG\POBJLIST.OBJ
C:\USERS\SHALSTVEDT\CODE\CCF\CCX\CONTRIB\.MSVC\PTYPES\DEBUG\POUTFILE.OBJ
C:\USERS\SHALSTVEDT\CODE\CCF\CCX\CONTRIB\.MSVC\PTYPES\DEBUG\POUTFILTER.OBJ
C:\USERS\SHALSTVEDT\CODE\CCF\CCX\CONTRIB\.MSVC\PTYPES\DEBUG\POUTMEM.OBJ
C:\USERS\SHALSTVEDT\CODE\CCF\CCX\CONTRIB\.MSVC\PTYPES\DEBUG\POUTSTM.OBJ
C:\USERS\SHALSTVEDT\CODE\CCF\CCX\CONTRIB\.MSVC\PTYPES\DEBUG\PPIPE.OBJ
C:\USERS\SHALSTVEDT\CODE\CCF\CCX\CONTRIB\.MSVC\PTYPES\DEBUG\PPODLIST.OBJ
C:\USERS\SHALSTVEDT\CODE\CCF\CCX\CONTRIB\.MSVC\PTYPES\DEBUG\PPUTF.OBJ
C:\USERS\SHALSTVEDT\CODE\CCF\CCX\CONTRIB\.MSVC\PTYPES\DEBUG\PRWLOCK.OBJ
C:\USERS\SHALSTVEDT\CODE\CCF\CCX\CONTRIB\.MSVC\PTYPES\DEBUG\PSEMAPHORE.OBJ
C:\USERS\SHALSTVEDT\CODE\CCF\CCX\CONTRIB\.MSVC\PTYPES\DEBUG\PSTDIO.OBJ
C:\USERS\SHALSTVEDT\CODE\CCF\CCX\CONTRIB\.MSVC\PTYPES\DEBUG\PSTRCASE.OBJ
C:\USERS\SHALSTVEDT\CODE\CCF\CCX\CONTRIB\.MSVC\PTYPES\DEBUG\PSTRCONV.OBJ
C:\USERS\SHALSTVEDT\CODE\CCF\CCX\CONTRIB\.MSVC\PTYPES\DEBUG\PSTRING.OBJ
C:\USERS\SHALSTVEDT\CODE\CCF\CCX\CONTRIB\.MSVC\PTYPES\DEBUG\PSTRLIST.OBJ
C:\USERS\SHALSTVEDT\CODE\CCF\CCX\CONTRIB\.MSVC\PTYPES\DEBUG\PSTRMANIP.OBJ
C:\USERS\SHALSTVEDT\CODE\CCF\CCX\CONTRIB\.MSVC\PTYPES\DEBUG\PSTRTOI.OBJ
C:\USERS\SHALSTVEDT\CODE\CCF\CCX\CONTRIB\.MSVC\PTYPES\DEBUG\PSTRUTILS.OBJ
C:\USERS\SHALSTVEDT\CODE\CCF\CCX\CONTRIB\.MSVC\PTYPES\DEBUG\PTEXTMAP.OBJ
C:\USERS\SHALSTVEDT\CODE\CCF\CCX\CONTRIB\.MSVC\PTYPES\DEBUG\PTHREAD.OBJ
C:\USERS\SHALSTVEDT\CODE\CCF\CCX\CONTRIB\.MSVC\PTYPES\DEBUG\PTIME.OBJ
C:\USERS\SHALSTVEDT\CODE\CCF\CCX\CONTRIB\.MSVC\PTYPES\DEBUG\PTIMEDSEM.OBJ
C:\USERS\SHALSTVEDT\CODE\CCF\CCX\CONTRIB\.MSVC\PTYPES\DEBUG\PTRIGGER.OBJ
C:\USERS\SHALSTVEDT\CODE\CCF\CCX\CONTRIB\.MSVC\PTYPES\DEBUG\PTYPES_TEST.OBJ
C:\USERS\SHALSTVEDT\CODE\CCF\CCX\CONTRIB\.MSVC\PTYPES\DEBUG\PUNIT.OBJ
C:\USERS\SHALSTVEDT\CODE\CCF\CCX\CONTRIB\.MSVC\PTYPES\DEBUG\PUNKNOWN.OBJ
C:\USERS\SHALSTVEDT\CODE\CCF\CCX\CONTRIB\.MSVC\PTYPES\DEBUG\PVARIANT.OBJ
C:\USERS\SHALSTVEDT\CODE\CCF\CCX\CONTRIB\.MSVC\PTYPES\DEBUG\PVERSION.OBJ
C:\Users\shalstvedt\Code\ccf\ccx\contrib\.msvc\ptypes\Debug\vc100.idb
C:\USERS\SHALSTVEDT\CODE\CCF\CCX\CONTRIB\.MSVC\PTYPES\DEBUG\VC100.PDB
