C:\Users\shalstvedt\Code\old\ccf\.msvc\\..\CCF.exe
C:\Users\shalstvedt\Code\old\ccf\.msvc\\..\CCF.ilk
C:\Users\shalstvedt\Code\old\ccf\.msvc\\..\CCF.pdb
C:\USERS\SHALSTVEDT\CODE\OLD\CCF\.MSVC\DEBUG\CCF.EXE.EMBED.MANIFEST
C:\USERS\SHALSTVEDT\CODE\OLD\CCF\.MSVC\DEBUG\CCF.EXE.EMBED.MANIFEST.RES
C:\USERS\SHALSTVEDT\CODE\OLD\CCF\.MSVC\DEBUG\CCF.EXE.INTERMEDIATE.MANIFEST
C:\Users\shalstvedt\Code\old\ccf\.msvc\Debug\CCF_manifest.rc
C:\USERS\SHALSTVEDT\CODE\OLD\CCF\.MSVC\DEBUG\CCFMULTIMODALSYNTAXTREE.OBJ
C:\USERS\SHALSTVEDT\CODE\OLD\CCF\.MSVC\DEBUG\CCXDEBUGMODULE.OBJ
C:\USERS\SHALSTVEDT\CODE\OLD\CCF\.MSVC\DEBUG\CJSON.OBJ
C:\Users\shalstvedt\Code\old\ccf\.msvc\Debug\cl.command.1.tlog
C:\Users\shalstvedt\Code\old\ccf\.msvc\Debug\CL.read.1.tlog
C:\Users\shalstvedt\Code\old\ccf\.msvc\Debug\CL.write.1.tlog
C:\USERS\SHALSTVEDT\CODE\OLD\CCF\.MSVC\DEBUG\FUSION.OBJ
C:\Users\shalstvedt\Code\old\ccf\.msvc\Debug\link.2648.read.1.tlog
C:\Users\shalstvedt\Code\old\ccf\.msvc\Debug\link.2648.write.1.tlog
C:\Users\shalstvedt\Code\old\ccf\.msvc\Debug\link.2648-cvtres.read.1.tlog
C:\Users\shalstvedt\Code\old\ccf\.msvc\Debug\link.2648-cvtres.write.1.tlog
C:\Users\shalstvedt\Code\old\ccf\.msvc\Debug\link.command.1.tlog
C:\Users\shalstvedt\Code\old\ccf\.msvc\Debug\link.read.1.tlog
C:\Users\shalstvedt\Code\old\ccf\.msvc\Debug\link.write.1.tlog
C:\Users\shalstvedt\Code\old\ccf\.msvc\Debug\link-cvtres.read.1.tlog
C:\Users\shalstvedt\Code\old\ccf\.msvc\Debug\link-cvtres.write.1.tlog
C:\Users\shalstvedt\Code\old\ccf\.msvc\Debug\mt.command.1.tlog
C:\Users\shalstvedt\Code\old\ccf\.msvc\Debug\mt.read.1.tlog
C:\Users\shalstvedt\Code\old\ccf\.msvc\Debug\mt.write.1.tlog
C:\Users\shalstvedt\Code\old\ccf\.msvc\Debug\rc.command.1.tlog
C:\Users\shalstvedt\Code\old\ccf\.msvc\Debug\rc.read.1.tlog
C:\Users\shalstvedt\Code\old\ccf\.msvc\Debug\rc.write.1.tlog
C:\Users\shalstvedt\Code\old\ccf\.msvc\Debug\vc100.idb
C:\USERS\SHALSTVEDT\CODE\OLD\CCF\.MSVC\DEBUG\VC100.PDB
C:\USERS\SHALSTVEDT\CODE\OLD\CCF\.MSVC\DEBUG\XGETOPT.OBJ
C:\USERS\SHALSTVEDT\CODE\OLD\CCF\CCF.EXE
C:\USERS\SHALSTVEDT\CODE\OLD\CCF\CCF.ILK
C:\USERS\SHALSTVEDT\CODE\OLD\CCF\CCF.PDB
