C:\Users\shalstvedt\Code\ccf\.msvc\\lib\event.lib
C:\USERS\SHALSTVEDT\CODE\CCF\.MSVC\LIB\EVENT.LIB
C:\USERS\SHALSTVEDT\CODE\CCF\CCX\CONTRIB\.MSVC\EVENT\DEBUG\BUFFER.OBJ
C:\Users\shalstvedt\Code\ccf\ccx\contrib\.msvc\event\Debug\cl.command.1.tlog
C:\Users\shalstvedt\Code\ccf\ccx\contrib\.msvc\event\Debug\CL.read.1.tlog
C:\Users\shalstvedt\Code\ccf\ccx\contrib\.msvc\event\Debug\CL.write.1.tlog
C:\USERS\SHALSTVEDT\CODE\CCF\CCX\CONTRIB\.MSVC\EVENT\DEBUG\EVBUFFER.OBJ
C:\USERS\SHALSTVEDT\CODE\CCF\CCX\CONTRIB\.MSVC\EVENT\DEBUG\EVDNS.OBJ
C:\USERS\SHALSTVEDT\CODE\CCF\CCX\CONTRIB\.MSVC\EVENT\DEBUG\EVENT.OBJ
C:\USERS\SHALSTVEDT\CODE\CCF\CCX\CONTRIB\.MSVC\EVENT\DEBUG\EVENT_TAGGING.OBJ
C:\USERS\SHALSTVEDT\CODE\CCF\CCX\CONTRIB\.MSVC\EVENT\DEBUG\EVRPC.OBJ
C:\USERS\SHALSTVEDT\CODE\CCF\CCX\CONTRIB\.MSVC\EVENT\DEBUG\EVUTIL.OBJ
C:\USERS\SHALSTVEDT\CODE\CCF\CCX\CONTRIB\.MSVC\EVENT\DEBUG\HTTP.OBJ
C:\Users\shalstvedt\Code\ccf\ccx\contrib\.msvc\event\Debug\lib.command.1.tlog
C:\Users\shalstvedt\Code\ccf\ccx\contrib\.msvc\event\Debug\Lib-link.read.1.tlog
C:\Users\shalstvedt\Code\ccf\ccx\contrib\.msvc\event\Debug\Lib-link.write.1.tlog
C:\USERS\SHALSTVEDT\CODE\CCF\CCX\CONTRIB\.MSVC\EVENT\DEBUG\LOG.OBJ
C:\USERS\SHALSTVEDT\CODE\CCF\CCX\CONTRIB\.MSVC\EVENT\DEBUG\SIGNAL.OBJ
C:\USERS\SHALSTVEDT\CODE\CCF\CCX\CONTRIB\.MSVC\EVENT\DEBUG\STRLCPY.OBJ
C:\Users\shalstvedt\Code\ccf\ccx\contrib\.msvc\event\Debug\vc100.idb
C:\USERS\SHALSTVEDT\CODE\CCF\CCX\CONTRIB\.MSVC\EVENT\DEBUG\VC100.PDB
C:\USERS\SHALSTVEDT\CODE\CCF\CCX\CONTRIB\.MSVC\EVENT\DEBUG\WIN32.OBJ
